  0.0  0.0   501 10825 10823   0  8:09PM ttys000    0:00.00 grep ng e2e
  0.0  0.0   501 10830 10823   0  8:09PM ttys000    0:00.00 grep ng e2e
  0.0  0.0   501 10834 10823   0  8:09PM ttys000    0:00.00 grep ng e2e
  0.0  0.0   501 10838 10823   0  8:10PM ttys000    0:00.00 grep ng e2e
  0.0  0.0   501 10844 10823   0  8:10PM ttys000    0:00.00 grep ng e2e
  0.0  0.0   501 10848 10823   0  8:10PM ttys000    0:00.00 grep ng e2e
  0.0  0.0   501 10853 10823   0  8:10PM ttys000    0:00.00 grep ng e2e
  0.1  1.7   501 10851  6358   0  8:10PM ttys001    0:02.29 ng e2e  
  0.0  0.0   501 10857 10823   0  8:10PM ttys000    0:00.00 grep ng e2e
124.8  2.5   501 10851  6358   0  8:10PM ttys001    0:04.55 ng e2e  
  0.0  0.0   501 10864 10823   0  8:10PM ttys000    0:00.00 grep ng e2e
194.0  4.9   501 10851  6358   0  8:10PM ttys001    0:13.08 ng e2e  
  0.0  0.0   501 10880 10823   0  8:10PM ttys000    0:00.00 grep ng e2e
  0.0  6.5   501 10851  6358   0  8:10PM ttys001    0:17.93 ng e2e  
  0.0  0.0   501 10884 10823   0  8:10PM ttys000    0:00.01 grep ng e2e
  0.0  6.4   501 10851  6358   0  8:10PM ttys001    0:17.95 ng e2e  
  0.0  0.0   501 10888 10823   0  8:10PM ttys000    0:00.00 grep ng e2e
  0.0  6.4   501 10851  6358   0  8:10PM ttys001    0:17.96 ng e2e  
  0.0  0.0   501 10896 10823   0  8:10PM ttys000    0:00.00 grep ng e2e
 75.5  0.6   501 10894  6358   0  8:10PM ttys001    0:00.76 ng e2e  
  0.0  0.0   501 10901 10823   0  8:10PM ttys000    0:00.00 grep ng e2e
 86.5  2.6   501 10894  6358   0  8:10PM ttys001    0:04.71 ng e2e  
  0.0  0.0   501 10906 10823   0  8:11PM ttys000    0:00.00 grep ng e2e
186.3  4.8   501 10894  6358   0  8:10PM ttys001    0:12.86 ng e2e  
  0.0  0.0   501 10923 10823   0  8:11PM ttys000    0:00.01 grep ng e2e
  0.1  8.4   501 10894  6358   0  8:10PM ttys001    0:16.61 ng e2e  
  0.0  0.0   501 10927 10823   0  8:11PM ttys000    0:00.00 grep ng e2e
  0.0  8.4   501 10894  6358   0  8:10PM ttys001    0:16.61 ng e2e  
  0.0  0.0   501 10934 10823   0  8:11PM ttys000    0:00.00 grep ng e2e
  0.0  0.0   501 11175 10823   0  8:11PM ttys000    0:00.00 grep ng e2e
  0.0  0.0   501 11188 10823   0  8:11PM ttys000    0:00.00 grep ng e2e
  0.0  0.0   501 11193 10823   0  8:11PM ttys000    0:00.00 grep ng e2e
  0.0  0.0   501 11197 10823   0  8:11PM ttys000    0:00.00 grep ng e2e
  0.0  0.0   501 11202 10823   0  8:11PM ttys000    0:00.00 grep ng e2e
 66.7  0.5   501 11200  6358   0  8:11PM ttys001    0:00.52 ng e2e  
  0.0  0.0   501 11206 10823   0  8:11PM ttys000    0:00.00 grep ng e2e
 78.6  2.4   501 11200  6358   0  8:11PM ttys001    0:04.45 ng e2e  
  0.0  0.0   501 11211 10823   0  8:11PM ttys000    0:00.00 grep ng e2e
127.8  4.3   501 11200  6358   0  8:11PM ttys001    0:12.10 ng e2e  
  0.0  0.0   501 11227 10823   0  8:11PM ttys000    0:00.01 grep ng e2e
  0.9  8.4   501 11200  6358   0  8:11PM ttys001    0:16.91 ng e2e  
  0.0  0.0   501 11231 10823   0  8:12PM ttys000    0:00.00 grep ng e2e
  0.0  8.4   501 11200  6358   0  8:11PM ttys001    0:16.91 ng e2e  
  0.0  0.0   501 11239 10823   0  8:12PM ttys000    0:00.00 grep ng e2e
  0.0  0.0   501 11244 10823   0  8:12PM ttys000    0:00.00 grep ng e2e
 52.1  1.8   501 11242  6358   0  8:12PM ttys001    0:02.74 ng e2e  
  0.0  0.0   501 11250 10823   0  8:12PM ttys000    0:00.00 grep ng e2e
162.6  3.5   501 11242  6358   0  8:12PM ttys001    0:08.29 ng e2e  
  0.0  0.0   501 11254 10823   0  8:12PM ttys000    0:00.00 grep ng e2e
137.7  8.4   501 11242  6358   0  8:12PM ttys001    0:16.36 ng e2e  
  0.0  0.0   501 11270 10823   0  8:12PM ttys000    0:00.00 grep ng e2e
  0.0  8.4   501 11242  6358   0  8:12PM ttys001    0:16.56 ng e2e  
  0.0  0.0   501 11274 10823   0  8:12PM ttys000    0:00.00 grep ng e2e
  0.0  8.4   501 11242  6358   0  8:12PM ttys001    0:16.56 ng e2e  
  0.0  0.0   501 11282 10823   0  8:12PM ttys000    0:00.00 grep ng e2e
 76.2  0.6   501 11280  6358   0  8:12PM ttys001    0:00.92 ng e2e  
  0.0  0.0   501 11287 10823   0  8:12PM ttys000    0:00.00 grep ng e2e
 80.5  2.8   501 11280  6358   0  8:12PM ttys001    0:04.93 ng e2e  
  0.0  0.0   501 11297 10823   0  8:12PM ttys000    0:00.00 grep ng e2e
169.8  5.0   501 11280  6358   0  8:12PM ttys001    0:13.37 ng e2e  
  0.0  0.0   501 11313 10823   0  8:12PM ttys000    0:00.00 grep ng e2e
  0.0  8.4   501 11280  6358   0  8:12PM ttys001    0:16.57 ng e2e  
  0.0  0.0   501 11317 10823   0  8:12PM ttys000    0:00.00 grep ng e2e
  0.0  8.4   501 11280  6358   0  8:12PM ttys001    0:16.58 ng e2e  
  1.0  0.0   501 11324 10823   0  8:13PM ttys000    0:00.00 grep ng e2e
  0.0  0.0   501 11330 10823   0  8:13PM ttys000    0:00.00 grep ng e2e
 71.0  2.3   501 11327  6358   0  8:13PM ttys001    0:03.66 ng e2e  
  0.0  0.0   501 11335 10823   0  8:13PM ttys000    0:00.00 grep ng e2e
183.7  4.3   501 11327  6358   0  8:13PM ttys001    0:11.09 ng e2e  
  0.0  0.0   501 11351 10823   0  8:13PM ttys000    0:00.00 grep ng e2e
  3.8  7.5   501 11327  6358   0  8:13PM ttys001    0:16.94 ng e2e  
  0.0  0.0   501 11355 10823   0  8:13PM ttys000    0:00.00 grep ng e2e
  0.0  7.5   501 11327  6358   0  8:13PM ttys001    0:16.95 ng e2e  
  0.0  0.0   501 11362 10823   0  8:13PM ttys000    0:00.00 grep ng e2e
  0.0  0.0   501 11367 10823   0  8:13PM ttys000    0:00.00 grep ng e2e
 81.9  1.7   501 11365  6358   0  8:13PM ttys001    0:02.85 ng e2e  
  0.0  0.0   501 11372 10823   0  8:13PM ttys000    0:00.00 grep ng e2e
201.4  3.9   501 11365  6358   0  8:13PM ttys001    0:08.56 ng e2e  
  0.0  0.0   501 11377 10823   0  8:13PM ttys000    0:00.00 grep ng e2e
114.3  8.4   501 11365  6358   0  8:13PM ttys001    0:16.50 ng e2e  
  0.0  0.0   501 11392 10823   0  8:13PM ttys000    0:00.01 grep ng e2e
  0.0  8.4   501 11365  6358   0  8:13PM ttys001    0:16.52 ng e2e  
  0.0  0.0   501 11396 10823   0  8:13PM ttys000    0:00.00 grep ng e2e
  0.0  8.4   501 11365  6358   0  8:13PM ttys001    0:16.53 ng e2e  
  0.0  0.0   501 11404 10823   0  8:13PM ttys000    0:00.00 grep ng e2e
 92.9  1.1   501 11402  6358   0  8:13PM ttys001    0:01.86 ng e2e  
  0.0  0.0   501 11409 10823   0  8:14PM ttys000    0:00.00 grep ng e2e
166.9  3.2   501 11402  6358   0  8:13PM ttys001    0:06.63 ng e2e  
  0.0  0.0   501 11415 10823   0  8:14PM ttys000    0:00.00 grep ng e2e
155.7  6.3   501 11402  6358   0  8:13PM ttys001    0:15.22 ng e2e  
  0.0  0.0   501 11431 10823   0  8:14PM ttys000    0:00.01 grep ng e2e
  0.0  8.4   501 11402  6358   0  8:13PM ttys001    0:16.20 ng e2e  
  0.0  0.0   501 11435 10823   0  8:14PM ttys000    0:00.00 grep ng e2e
  0.0  8.4   501 11402  6358   0  8:13PM ttys001    0:16.21 ng e2e  
  0.0  0.0   501 11443 10823   0  8:14PM ttys000    0:00.00 grep ng e2e
 76.4  0.5   501 11441  6358   0  8:14PM ttys001    0:00.69 ng e2e  
  0.0  0.0   501 11447 10823   0  8:14PM ttys000    0:00.00 grep ng e2e
 84.7  2.7   501 11441  6358   0  8:14PM ttys001    0:04.73 ng e2e  
  0.0  0.0   501 11452 10823   0  8:14PM ttys000    0:00.00 grep ng e2e
163.6  4.9   501 11441  6358   0  8:14PM ttys001    0:13.09 ng e2e  
  0.0  0.0   501 11468 10823   0  8:14PM ttys000    0:00.00 grep ng e2e
  0.0  8.3   501 11441  6358   0  8:14PM ttys001    0:16.23 ng e2e  
  0.0  0.0   501 11472 10823   0  8:14PM ttys000    0:00.00 grep ng e2e
  0.0  8.3   501 11441  6358   0  8:14PM ttys001    0:16.24 ng e2e  
  0.0  0.0   501 11479 10823   0  8:14PM ttys000    0:00.00 grep ng e2e
  0.0  0.0   501 11485 10823   0  8:14PM ttys000    0:00.00 grep ng e2e
175.9  3.6   501 11482  6358   0  8:14PM ttys001    0:05.97 ng e2e  
  0.0  0.0   501 11490 10823   0  8:14PM ttys000    0:00.00 grep ng e2e
129.3  8.4   501 11482  6358   0  8:14PM ttys001    0:14.58 ng e2e  
  1.3  0.0   501 11505 10823   0  8:15PM ttys000    0:00.01 grep ng e2e
  0.0  8.4   501 11482  6358   0  8:14PM ttys001    0:14.61 ng e2e  
  0.0  0.0   501 11509 10823   0  8:15PM ttys000    0:00.00 grep ng e2e
  0.0  8.4   501 11482  6358   0  8:14PM ttys001    0:14.61 ng e2e  
  0.0  0.0   501 11517 10823   0  8:15PM ttys000    0:00.00 grep ng e2e
 84.4  0.9   501 11515  6358   0  8:15PM ttys001    0:01.55 ng e2e  
  0.0  0.0   501 11522 10823   0  8:15PM ttys000    0:00.00 grep ng e2e
184.9  3.7   501 11515  6358   0  8:15PM ttys001    0:07.29 ng e2e  
  0.0  0.0   501 11527 10823   0  8:15PM ttys000    0:00.00 grep ng e2e
137.8  8.5   501 11515  6358   0  8:15PM ttys001    0:15.74 ng e2e  
  0.0  0.0   501 11542 10823   0  8:15PM ttys000    0:00.01 grep ng e2e
  0.0  8.5   501 11515  6358   0  8:15PM ttys001    0:15.76 ng e2e  
  0.0  0.0   501 11547 10823   0  8:15PM ttys000    0:00.00 grep ng e2e
  0.0  8.5   501 11515  6358   0  8:15PM ttys001    0:15.76 ng e2e  
  0.0  0.0   501 11555 10823   0  8:15PM ttys000    0:00.00 grep ng e2e
 83.0  1.6   501 11553  6358   0  8:15PM ttys001    0:02.50 ng e2e  
  0.0  0.0   501 11560 10823   0  8:15PM ttys000    0:00.00 grep ng e2e
222.4  4.0   501 11553  6358   0  8:15PM ttys001    0:08.98 ng e2e  
  0.0  0.0   501 11576 10823   0  8:15PM ttys000    0:00.00 grep ng e2e
  8.4  8.4   501 11553  6358   0  8:15PM ttys001    0:15.95 ng e2e  
  0.0  0.0   501 11580 10823   0  8:15PM ttys000    0:00.01 grep ng e2e
  0.0  8.4   501 11553  6358   0  8:15PM ttys001    0:15.98 ng e2e  
  0.0  0.0   501 11584 10823   0  8:15PM ttys000    0:00.00 grep ng e2e
  0.0  8.4   501 11553  6358   0  8:15PM ttys001    0:15.98 ng e2e  
  0.0  0.0   501 11592 10823   0  8:16PM ttys000    0:00.00 grep ng e2e
 85.7  1.1   501 11590  6358   0  8:16PM ttys001    0:01.70 ng e2e  
  0.0  0.0   501 11597 10823   0  8:16PM ttys000    0:00.00 grep ng e2e
183.5  3.5   501 11590  6358   0  8:16PM ttys001    0:07.04 ng e2e  
  0.0  0.0   501 11601 10823   0  8:16PM ttys000    0:00.00 grep ng e2e
141.1  8.1   501 11590  6358   0  8:16PM ttys001    0:15.67 ng e2e  
  0.0  0.0   501 11617 10823   0  8:16PM ttys000    0:00.01 grep ng e2e
  0.0  8.4   501 11590  6358   0  8:16PM ttys001    0:15.92 ng e2e  
  0.0  0.0   501 11621 10823   0  8:16PM ttys000    0:00.00 grep ng e2e
  0.0  8.4   501 11590  6358   0  8:16PM ttys001    0:15.93 ng e2e  
  0.0  0.0   501 11629 10823   0  8:16PM ttys000    0:00.00 grep ng e2e
 91.2  1.1   501 11627  6358   0  8:16PM ttys001    0:01.68 ng e2e  
  0.0  0.0   501 11635 10823   0  8:16PM ttys000    0:00.00 grep ng e2e
105.3  3.0   501 11627  6358   0  8:16PM ttys001    0:05.94 ng e2e  
  0.0  0.0   501 11640 10823   0  8:16PM ttys000    0:00.00 grep ng e2e
141.4  5.7   501 11627  6358   0  8:16PM ttys001    0:14.93 ng e2e  
  0.0  0.0   501 11656 10823   0  8:16PM ttys000    0:00.00 grep ng e2e
  0.0  7.8   501 11627  6358   0  8:16PM ttys001    0:16.61 ng e2e  
  0.0  0.0   501 11660 10823   0  8:16PM ttys000    0:00.00 grep ng e2e
  0.0  7.8   501 11627  6358   0  8:16PM ttys001    0:16.62 ng e2e  
  0.0  0.0   501 11668 10823   0  8:16PM ttys000    0:00.00 grep ng e2e
 73.6  0.5   501 11666  6358   0  8:16PM ttys001    0:00.52 ng e2e  
  0.0  0.0   501 11672 10823   0  8:16PM ttys000    0:00.00 grep ng e2e
 82.1  2.4   501 11666  6358   0  8:16PM ttys001    0:04.35 ng e2e  
  0.0  0.0   501 11677 10823   0  8:17PM ttys000    0:00.00 grep ng e2e
160.5  4.6   501 11666  6358   0  8:16PM ttys001    0:12.25 ng e2e  
  0.0  0.0   501 11693 10823   0  8:17PM ttys000    0:00.00 grep ng e2e
  0.0  8.5   501 11666  6358   0  8:16PM ttys001    0:16.27 ng e2e  
  0.0  0.0   501 11697 10823   0  8:17PM ttys000    0:00.00 grep ng e2e
  0.0  8.5   501 11666  6358   0  8:16PM ttys001    0:16.27 ng e2e  
  0.0  0.0   501 11704 10823   0  8:17PM ttys000    0:00.01 grep ng e2e
  0.0  0.0   501 11709 10823   0  8:17PM ttys000    0:00.00 grep ng e2e
 80.1  2.3   501 11707  6358   0  8:17PM ttys001    0:03.62 ng e2e  
  0.0  0.0   501 11717 10823   0  8:17PM ttys000    0:00.00 grep ng e2e
201.7  4.0   501 11707  6358   0  8:17PM ttys001    0:10.90 ng e2e  
  0.0  0.0   501 11734 10823   0  8:17PM ttys000    0:00.00 grep ng e2e
  4.3  8.2   501 11707  6358   0  8:17PM ttys001    0:16.61 ng e2e  
  0.0  0.0   501 11740 10823   0  8:17PM ttys000    0:00.00 grep ng e2e
  0.1  7.9   501 11707  6358   0  8:17PM ttys001    0:16.62 ng e2e  
  0.0  0.0   501 11751 10823   0  8:17PM ttys000    0:00.00 grep ng e2e
  0.0  0.0   501 11758 10823   0  8:17PM ttys000    0:00.00 grep ng e2e
 77.2  1.1   501 11756  6358   0  8:17PM ttys001    0:02.06 ng e2e  
  0.0  0.0   501 11763 10823   0  8:17PM ttys000    0:00.00 grep ng e2e
124.3  3.0   501 11756  6358   0  8:17PM ttys001    0:06.31 ng e2e  
  0.0  0.0   501 11768 10823   0  8:18PM ttys000    0:00.00 grep ng e2e
171.0  5.7   501 11756  6358   0  8:17PM ttys001    0:15.09 ng e2e  
  0.0  0.0   501 11795 10823   0  8:18PM ttys000    0:00.00 grep ng e2e
  0.0  5.2   501 11756  6358   0  8:17PM ttys001    0:17.34 ng e2e  
  0.0  0.0   501 11799 10823   0  8:18PM ttys000    0:00.00 grep ng e2e
  0.0  5.2   501 11756  6358   0  8:17PM ttys001    0:17.35 ng e2e  
  0.0  0.0   501 11807 10823   0  8:18PM ttys000    0:00.00 grep ng e2e
 47.6  0.4   501 11805  6358   0  8:18PM ttys001    0:00.25 ng e2e  
  0.0  0.0   501 11814 10823   0  8:18PM ttys000    0:00.00 grep ng e2e
 78.5  2.4   501 11805  6358   0  8:18PM ttys001    0:04.31 ng e2e  
  0.0  0.0   501 11819 10823   0  8:18PM ttys000    0:00.00 grep ng e2e
169.4  4.5   501 11805  6358   0  8:18PM ttys001    0:12.31 ng e2e  
  0.0  0.0   501 11835 10823   0  8:18PM ttys000    0:00.00 grep ng e2e
  0.0  8.3   501 11805  6358   0  8:18PM ttys001    0:16.42 ng e2e  
  0.0  0.0   501 11839 10823   0  8:18PM ttys000    0:00.01 grep ng e2e
  0.0  8.3   501 11805  6358   0  8:18PM ttys001    0:16.42 ng e2e  
  0.0  0.0   501 11846 10823   0  8:18PM ttys000    0:00.00 grep ng e2e
  0.0  0.0   501 11852 10823   0  8:18PM ttys000    0:00.00 grep ng e2e
192.2  3.4   501 11849  6358   0  8:18PM ttys001    0:05.71 ng e2e  
  0.0  0.0   501 11856 10823   0  8:18PM ttys000    0:00.00 grep ng e2e
225.8  6.3   501 11849  6358   0  8:18PM ttys001    0:14.90 ng e2e  
  0.0  0.0   501 11875 10823   0  8:18PM ttys000    0:00.00 grep ng e2e
  0.0  6.8   501 11849  6358   0  8:18PM ttys001    0:15.33 ng e2e  
  0.0  0.0   501 11880 10823   0  8:19PM ttys000    0:00.00 grep ng e2e
  0.0  6.8   501 11849  6358   0  8:18PM ttys001    0:15.33 ng e2e  
  0.0  0.0   501 11889 10823   0  8:19PM ttys000    0:00.00 grep ng e2e
122.6  1.7   501 11886  6358   0  8:19PM ttys001    0:01.82 ng e2e  
  0.0  0.0   501 11894 10823   0  8:19PM ttys000    0:00.00 grep ng e2e
195.1  4.2   501 11886  6358   0  8:19PM ttys001    0:09.68 ng e2e  
  0.0  0.0   501 11910 10823   0  8:19PM ttys000    0:00.00 grep ng e2e
  0.6  8.4   501 11886  6358   0  8:19PM ttys001    0:14.77 ng e2e  
  0.0  0.0   501 11914 10823   0  8:19PM ttys000    0:00.00 grep ng e2e
  0.0  8.4   501 11886  6358   0  8:19PM ttys001    0:14.77 ng e2e  
  0.0  0.0   501 11922 10823   0  8:19PM ttys000    0:00.00 grep ng e2e
  0.0  0.0   501 11926 10823   0  8:19PM ttys000    0:00.00 grep ng e2e
  0.0  0.0   501 11931 10823   0  8:19PM ttys000    0:00.00 grep ng e2e
  0.0  0.0   501 11935 10823   0  8:19PM ttys000    0:00.00 grep ng e2e
  0.0  0.0   501 11939 10823   0  8:19PM ttys000    0:00.00 grep ng e2e
  0.0  0.0   501 11943 10823   0  8:19PM ttys000    0:00.00 grep ng e2e
  0.0  0.0   501 11947 10823   0  8:19PM ttys000    0:00.00 grep ng e2e
  0.0  0.0   501 11958 10823   0  8:20PM ttys000    0:00.00 grep ng e2e
  0.0  0.0   501 11963 10823   0  8:20PM ttys000    0:00.00 grep ng e2e
  0.0  0.0   501 11967 10823   0  8:20PM ttys000    0:00.00 grep ng e2e
  0.0  0.0   501 11971 10823   0  8:20PM ttys000    0:00.00 grep ng e2e
  0.0  0.0   501 11975 10823   0  8:20PM ttys000    0:00.00 grep ng e2e
  0.0  0.0   501 11979 10823   0  8:20PM ttys000    0:00.00 grep ng e2e
  0.0  0.0   501 11983 10823   0  8:20PM ttys000    0:00.00 grep ng e2e
  0.0  0.0   501 11987 10823   0  8:20PM ttys000    0:00.00 grep ng e2e
  0.0  0.0   501 11991 10823   0  8:20PM ttys000    0:00.00 grep ng e2e
  0.0  0.0   501 11995 10823   0  8:20PM ttys000    0:00.00 grep ng e2e
  0.0  0.0   501 11999 10823   0  8:20PM ttys000    0:00.00 grep ng e2e
  0.0  0.0   501 12003 10823   0  8:20PM ttys000    0:00.00 grep ng e2e
  0.0  0.0   501 12009 10823   0  8:21PM ttys000    0:00.00 grep ng e2e
  0.0  0.0   501 12013 10823   0  8:21PM ttys000    0:00.00 grep ng e2e
  0.0  0.0   501 12026 10823   0  8:21PM ttys000    0:00.00 grep ng e2e
  0.0  0.0   501 12031 10823   0  8:21PM ttys000    0:00.00 grep ng e2e
  0.0  0.0   501 12035 10823   0  8:21PM ttys000    0:00.00 grep ng e2e
  0.0  0.0   501 12039 10823   0  8:21PM ttys000    0:00.00 grep ng e2e
  0.0  0.0   501 12043 10823   0  8:21PM ttys000    0:00.00 grep ng e2e
  0.0  0.0   501 12047 10823   0  8:21PM ttys000    0:00.00 grep ng e2e
  0.0  0.0   501 12051 10823   0  8:21PM ttys000    0:00.00 grep ng e2e
  0.0  0.0   501 12055 10823   0  8:21PM ttys000    0:00.00 grep ng e2e
  0.0  0.0   501 12061 10823   0  8:21PM ttys000    0:00.00 grep ng e2e
  0.0  0.0   501 12065 10823   0  8:21PM ttys000    0:00.00 grep ng e2e
  0.0  0.0   501 12069 10823   0  8:22PM ttys000    0:00.00 grep ng e2e
  0.0  0.0   501 12073 10823   0  8:22PM ttys000    0:00.00 grep ng e2e
  0.0  0.0   501 12079 10823   0  8:22PM ttys000    0:00.00 grep ng e2e
178.1  3.4   501 12076  6358   0  8:22PM ttys001    0:06.00 ng e2e  
  0.0  0.0   501 12083 10823   0  8:22PM ttys000    0:00.00 grep ng e2e
142.5  8.1   501 12076  6358   0  8:22PM ttys001    0:14.69 ng e2e  
  0.0  0.0   501 12118 10823   0  8:22PM ttys000    0:00.00 grep ng e2e
  0.0  4.8   501 12076  6358   0  8:22PM ttys001    0:14.95 ng e2e  
  0.0  0.0   501 12122 10823   0  8:22PM ttys000    0:00.00 grep ng e2e
  0.0  4.8   501 12076  6358   0  8:22PM ttys001    0:14.96 ng e2e  
  0.0  0.0   501 12129 10823   0  8:22PM ttys000    0:00.00 grep ng e2e
  0.0  0.0   501 12134 10823   0  8:22PM ttys000    0:00.00 grep ng e2e
 71.8  2.3   501 12132  6358   0  8:22PM ttys001    0:03.77 ng e2e  
  0.0  0.0   501 12139 10823   0  8:22PM ttys000    0:00.00 grep ng e2e
149.1  4.1   501 12132  6358   0  8:22PM ttys001    0:11.45 ng e2e  
  0.0  0.0   501 12177 10823   0  8:22PM ttys000    0:00.00 grep ng e2e
  3.7  7.8   501 12132  6358   0  8:22PM ttys001    0:16.25 ng e2e  
  0.0  0.0   501 12181 10823   0  8:22PM ttys000    0:00.00 grep ng e2e
  0.3  6.7   501 12132  6358   0  8:22PM ttys001    0:16.27 ng e2e  
  0.0  0.0   501 12187 10823   0  8:22PM ttys000    0:00.00 grep ng e2e
 11.5  6.7   501 12132  6358   0  8:22PM ttys001    0:16.32 ng e2e  
  0.0  0.0   501 12193 10823   0  8:23PM ttys000    0:00.00 grep ng e2e
 97.8  1.7   501 12191  6358   0  8:23PM ttys001    0:02.44 ng e2e  
  0.0  0.0   501 12199 10823   0  8:23PM ttys000    0:00.00 grep ng e2e
151.7  3.8   501 12191  6358   0  8:23PM ttys001    0:08.05 ng e2e  
  0.0  0.0   501 12204 10823   0  8:23PM ttys000    0:00.00 grep ng e2e
 56.7  8.3   501 12191  6358   0  8:23PM ttys001    0:16.06 ng e2e  
  0.0  0.0   501 12239 10823   0  8:23PM ttys000    0:00.00 grep ng e2e
  0.0  8.4   501 12191  6358   0  8:23PM ttys001    0:16.09 ng e2e  
  0.0  0.0   501 12243 10823   0  8:23PM ttys000    0:00.00 grep ng e2e
  0.0  8.4   501 12191  6358   0  8:23PM ttys001    0:16.10 ng e2e  
  0.0  0.0   501 12252 10823   0  8:23PM ttys000    0:00.00 grep ng e2e
 89.4  0.7   501 12250  6358   0  8:23PM ttys001    0:01.10 ng e2e  
  0.0  0.0   501 12259 10823   0  8:23PM ttys000    0:00.00 grep ng e2e
 93.3  2.8   501 12250  6358   0  8:23PM ttys001    0:05.09 ng e2e  
  0.0  0.0   501 12264 10823   0  8:23PM ttys000    0:00.00 grep ng e2e
161.8  5.5   501 12250  6358   0  8:23PM ttys001    0:13.91 ng e2e  
  0.0  0.0   501 12303 10823   0  8:23PM ttys000    0:00.00 grep ng e2e
  0.1  7.7   501 12250  6358   0  8:23PM ttys001    0:16.24 ng e2e  
  0.0  0.0   501 12307 10823   0  8:23PM ttys000    0:00.00 grep ng e2e
  0.1  7.7   501 12250  6358   0  8:23PM ttys001    0:16.25 ng e2e  
  0.0  0.0   501 12314 10823   0  8:23PM ttys000    0:00.00 grep ng e2e
  0.0  0.0   501 12319 10823   0  8:23PM ttys000    0:00.00 grep ng e2e
 74.3  2.3   501 12317  6358   0  8:23PM ttys001    0:02.99 ng e2e  
  0.0  0.0   501 12324 10823   0  8:24PM ttys000    0:00.00 grep ng e2e
191.0  3.9   501 12317  6358   0  8:23PM ttys001    0:08.76 ng e2e  
  0.0  0.0   501 12334 10823   0  8:24PM ttys000    0:00.00 grep ng e2e
 31.6  8.3   501 12317  6358   0  8:23PM ttys001    0:16.48 ng e2e  
  0.0  0.0   501 12363 10823   0  8:24PM ttys000    0:00.00 grep ng e2e
  0.0  8.3   501 12317  6358   0  8:23PM ttys001    0:16.51 ng e2e  
  0.0  0.0   501 12367 10823   0  8:24PM ttys000    0:00.00 grep ng e2e
  0.2  8.3   501 12317  6358   0  8:23PM ttys001    0:16.52 ng e2e  
  0.0  0.0   501 12375 10823   0  8:24PM ttys000    0:00.00 grep ng e2e
 74.7  0.7   501 12373  6358   0  8:24PM ttys001    0:00.92 ng e2e  
  0.0  0.0   501 12380 10823   0  8:24PM ttys000    0:00.00 grep ng e2e
181.2  3.2   501 12373  6358   0  8:24PM ttys001    0:05.95 ng e2e  
  0.0  0.0   501 12384 10823   0  8:24PM ttys000    0:00.00 grep ng e2e
169.6  7.4   501 12373  6358   0  8:24PM ttys001    0:14.90 ng e2e  
  0.0  0.0   501 12419 10823   0  8:24PM ttys000    0:00.01 grep ng e2e
  0.0  8.4   501 12373  6358   0  8:24PM ttys001    0:15.52 ng e2e  
  0.0  0.0   501 12423 10823   0  8:24PM ttys000    0:00.00 grep ng e2e
  0.0  8.4   501 12373  6358   0  8:24PM ttys001    0:15.53 ng e2e  
  0.0  0.0   501 12431 10823   0  8:24PM ttys000    0:00.00 grep ng e2e
 69.4  0.5   501 12429  6358   0  8:24PM ttys001    0:00.55 ng e2e  
  0.0  0.0   501 12435 10823   0  8:24PM ttys000    0:00.00 grep ng e2e
 85.9  2.5   501 12429  6358   0  8:24PM ttys001    0:04.48 ng e2e  
  0.0  0.0   501 12440 10823   0  8:25PM ttys000    0:00.00 grep ng e2e
126.0  4.3   501 12429  6358   0  8:24PM ttys001    0:12.13 ng e2e  
  0.0  0.0   501 12476 10823   0  8:25PM ttys000    0:00.00 grep ng e2e
  3.3  8.4   501 12429  6358   0  8:24PM ttys001    0:16.61 ng e2e  
  0.0  0.0   501 12480 10823   0  8:25PM ttys000    0:00.00 grep ng e2e
  0.1  8.4   501 12429  6358   0  8:24PM ttys001    0:16.62 ng e2e  
  0.0  0.0   501 12487 10823   0  8:25PM ttys000    0:00.00 grep ng e2e
  0.0  0.0   501 12493 10823   0  8:25PM ttys000    0:00.00 grep ng e2e
 76.2  2.3   501 12490  6358   0  8:25PM ttys001    0:02.73 ng e2e  
  0.0  0.0   501 12498 10823   0  8:25PM ttys000    0:00.00 grep ng e2e
173.7  4.1   501 12490  6358   0  8:25PM ttys001    0:09.36 ng e2e  
  0.0  0.0   501 12515 10823   0  8:25PM ttys000    0:00.00 grep ng e2e
 13.2  8.1   501 12490  6358   0  8:25PM ttys001    0:16.49 ng e2e  
  0.0  0.0   501 12539 10823   0  8:25PM ttys000    0:00.00 grep ng e2e
  0.2  5.3   501 12490  6358   0  8:25PM ttys001    0:16.54 ng e2e  
  0.0  0.0   501 12543 10823   0  8:25PM ttys000    0:00.00 grep ng e2e
  0.0  5.3   501 12490  6358   0  8:25PM ttys001    0:16.55 ng e2e  
  0.0  0.0   501 12549 10823   0  8:25PM ttys000    0:00.00 grep ng e2e
  0.0  5.4   501 12490  6358   0  8:25PM ttys001    0:16.59 ng e2e  
  0.0  0.0   501 12554 10823   0  8:25PM ttys000    0:00.00 grep ng e2e
  0.0  0.0   501 12559 10823   0  8:25PM ttys000    0:00.00 grep ng e2e
 74.6  2.5   501 12557  6358   0  8:25PM ttys001    0:03.49 ng e2e  
  0.0  0.0   501 12564 10823   0  8:26PM ttys000    0:00.00 grep ng e2e
151.7  4.2   501 12557  6358   0  8:25PM ttys001    0:11.51 ng e2e  
  0.0  0.0   501 12599 10823   0  8:26PM ttys000    0:00.00 grep ng e2e
  2.3  8.4   501 12557  6358   0  8:25PM ttys001    0:16.38 ng e2e  
  0.0  0.0   501 12603 10823   0  8:26PM ttys000    0:00.00 grep ng e2e
  0.1  8.5   501 12557  6358   0  8:25PM ttys001    0:16.40 ng e2e  
  0.0  0.0   501 12610 10823   0  8:26PM ttys000    0:00.00 grep ng e2e
  0.0  0.0   501 12616 10823   0  8:26PM ttys000    0:00.00 grep ng e2e
107.9  2.8   501 12613  6358   0  8:26PM ttys001    0:03.51 ng e2e  
  0.0  0.0   501 12621 10823   0  8:26PM ttys000    0:00.00 grep ng e2e
164.5  5.2   501 12613  6358   0  8:26PM ttys001    0:12.42 ng e2e  
  0.0  0.0   501 12658 10823   0  8:26PM ttys000    0:00.00 grep ng e2e
  0.1  8.5   501 12613  6358   0  8:26PM ttys001    0:15.22 ng e2e  
  0.0  0.0   501 12662 10823   0  8:26PM ttys000    0:00.00 grep ng e2e
  0.3  8.5   501 12613  6358   0  8:26PM ttys001    0:15.22 ng e2e  
  0.0  0.0   501 12669 10823   0  8:26PM ttys000    0:00.00 grep ng e2e
  0.0  0.0   501 12673 10823   0  8:26PM ttys000    0:00.00 grep ng e2e
  0.0  0.0   501 12677 10823   0  8:26PM ttys000    0:00.00 grep ng e2e
  0.0  0.0   501 12682 10823   0  8:26PM ttys000    0:00.00 grep ng e2e
 70.8  2.3   501 12680  6358   0  8:26PM ttys001    0:03.06 ng e2e  
  0.0  0.0   501 12687 10823   0  8:27PM ttys000    0:00.00 grep ng e2e
207.0  4.1   501 12680  6358   0  8:26PM ttys001    0:10.30 ng e2e  
  0.0  0.0   501 12720 10823   0  8:27PM ttys000    0:00.00 grep ng e2e
  0.4  8.4   501 12680  6358   0  8:26PM ttys001    0:15.97 ng e2e  
  0.0  0.0   501 12731 10823   0  8:27PM ttys000    0:00.00 grep ng e2e
  0.0  8.4   501 12680  6358   0  8:26PM ttys001    0:16.00 ng e2e  
  0.0  0.0   501 12735 10823   0  8:27PM ttys000    0:00.00 grep ng e2e
  0.0  8.4   501 12680  6358   0  8:26PM ttys001    0:16.01 ng e2e  
  0.0  0.0   501 12743 10823   0  8:27PM ttys000    0:00.00 grep ng e2e
101.2  2.5   501 12741  6358   0  8:27PM ttys001    0:02.66 ng e2e  
  0.0  0.0   501 12748 10823   0  8:27PM ttys000    0:00.00 grep ng e2e
177.5  4.9   501 12741  6358   0  8:27PM ttys001    0:11.15 ng e2e  
  0.0  0.0   501 12782 10823   0  8:27PM ttys000    0:00.01 grep ng e2e
  0.3  8.5   501 12741  6358   0  8:27PM ttys001    0:14.73 ng e2e  
  0.0  0.0   501 12786 10823   0  8:27PM ttys000    0:00.00 grep ng e2e
  0.0  8.5   501 12741  6358   0  8:27PM ttys001    0:14.74 ng e2e  
  0.9  0.0   501 12793 10823   0  8:27PM ttys000    0:00.00 grep ng e2e
  0.0  0.0   501 12802 10823   0  8:27PM ttys000    0:00.00 grep ng e2e
181.0  3.2   501 12796  6358   0  8:27PM ttys001    0:05.05 ng e2e  
  0.0  0.0   501 12806 10823   0  8:27PM ttys000    0:00.00 grep ng e2e
167.9  7.2   501 12796  6358   0  8:27PM ttys001    0:13.83 ng e2e  
  0.0  0.0   501 12840 10823   0  8:27PM ttys000    0:00.00 grep ng e2e
  0.0  8.4   501 12796  6358   0  8:27PM ttys001    0:14.55 ng e2e  
  0.0  0.0   501 12844 10823   0  8:28PM ttys000    0:00.00 grep ng e2e
  0.0  8.4   501 12796  6358   0  8:27PM ttys001    0:14.56 ng e2e  
  0.0  0.0   501 12855 10823   0  8:28PM ttys000    0:00.00 grep ng e2e
104.4  1.0   501 12853  6358   0  8:28PM ttys001    0:00.90 ng e2e  
  0.0  0.0   501 12860 10823   0  8:28PM ttys000    0:00.00 grep ng e2e
200.9  4.0   501 12853  6358   0  8:28PM ttys001    0:08.06 ng e2e  
  0.0  0.0   501 12890 10823   0  8:28PM ttys000    0:00.00 grep ng e2e
  4.3  8.4   501 12853  6358   0  8:28PM ttys001    0:14.61 ng e2e  
  0.0  0.0   501 12898 10823   0  8:28PM ttys000    0:00.00 grep ng e2e
  0.2  8.4   501 12853  6358   0  8:28PM ttys001    0:14.64 ng e2e  
  0.0  0.0   501 12902 10823   0  8:28PM ttys000    0:00.00 grep ng e2e
  0.0  8.4   501 12853  6358   0  8:28PM ttys001    0:14.65 ng e2e  
  0.0  0.0   501 12910 10823   0  8:28PM ttys000    0:00.00 grep ng e2e
 95.7  1.1   501 12908  6358   0  8:28PM ttys001    0:02.00 ng e2e  
  0.0  0.0   501 12915 10823   0  8:28PM ttys000    0:00.00 grep ng e2e
233.6  3.9   501 12908  6358   0  8:28PM ttys001    0:08.73 ng e2e  
  0.0  0.0   501 12942 10823   0  8:28PM ttys000    0:00.00 grep ng e2e
 11.7  8.4   501 12908  6358   0  8:28PM ttys001    0:15.69 ng e2e  
  0.0  0.0   501 12953 10823   0  8:28PM ttys000    0:00.00 grep ng e2e
  0.0  8.4   501 12908  6358   0  8:28PM ttys001    0:15.72 ng e2e  
  0.0  0.0   501 12957 10823   0  8:28PM ttys000    0:00.00 grep ng e2e
  0.0  8.4   501 12908  6358   0  8:28PM ttys001    0:15.73 ng e2e  
  0.0  0.0   501 12965 10823   0  8:28PM ttys000    0:00.00 grep ng e2e
 77.4  1.7   501 12963  6358   0  8:28PM ttys001    0:01.95 ng e2e  
  0.0  0.0   501 12970 10823   0  8:29PM ttys000    0:00.00 grep ng e2e
145.8  4.1   501 12963  6358   0  8:28PM ttys001    0:09.92 ng e2e  
  0.0  0.0   501 13005 10823   0  8:29PM ttys000    0:00.00 grep ng e2e
  3.5  8.4   501 12963  6358   0  8:28PM ttys001    0:14.58 ng e2e  
  0.0  0.0   501 13009 10823   0  8:29PM ttys000    0:00.01 grep ng e2e
  0.1  8.4   501 12963  6358   0  8:28PM ttys001    0:14.59 ng e2e  
  0.0  0.0   501 13016 10823   0  8:29PM ttys000    0:00.00 grep ng e2e
  0.0  0.0   501 13021 10823   0  8:29PM ttys000    0:00.00 grep ng e2e
102.6  2.3   501 13019  6358   0  8:29PM ttys001    0:02.83 ng e2e  
  0.0  0.0   501 13026 10823   0  8:29PM ttys000    0:00.00 grep ng e2e
172.1  4.8   501 13019  6358   0  8:29PM ttys001    0:11.37 ng e2e  
  0.0  0.0   501 13062 10823   0  8:29PM ttys000    0:00.00 grep ng e2e
  0.2  8.4   501 13019  6358   0  8:29PM ttys001    0:14.67 ng e2e  
  0.0  0.0   501 13066 10823   0  8:29PM ttys000    0:00.00 grep ng e2e
  0.0  8.4   501 13019  6358   0  8:29PM ttys001    0:14.68 ng e2e  
  0.0  0.0   501 13073 10823   0  8:29PM ttys000    0:00.00 grep ng e2e
  0.0  0.0   501 13079 10823   0  8:29PM ttys000    0:00.00 grep ng e2e
169.3  3.0   501 13076  6358   0  8:29PM ttys001    0:04.78 ng e2e  
  0.0  0.0   501 13083 10823   0  8:29PM ttys000    0:00.00 grep ng e2e
147.9  6.1   501 13076  6358   0  8:29PM ttys001    0:13.63 ng e2e  
  0.0  0.0   501 13118 10823   0  8:29PM ttys000    0:00.00 grep ng e2e
  0.0  8.3   501 13076  6358   0  8:29PM ttys001    0:14.68 ng e2e  
  0.0  0.0   501 13123 10823   0  8:30PM ttys000    0:00.01 grep ng e2e
  0.1  8.3   501 13076  6358   0  8:29PM ttys001    0:14.69 ng e2e  
  0.0  0.0   501 13130 10823   0  8:30PM ttys000    0:00.00 grep ng e2e
  0.0  0.0   501 13136 10823   0  8:30PM ttys000    0:00.00 grep ng e2e
181.1  3.6   501 13133  6358   0  8:30PM ttys001    0:06.18 ng e2e  
  0.0  0.0   501 13141 10823   0  8:30PM ttys000    0:00.00 grep ng e2e
126.0  8.3   501 13133  6358   0  8:30PM ttys001    0:14.81 ng e2e  
  0.0  0.0   501 13175 10823   0  8:30PM ttys000    0:00.00 grep ng e2e
  0.1  8.3   501 13133  6358   0  8:30PM ttys001    0:14.84 ng e2e  
  0.0  0.0   501 13180 10823   0  8:30PM ttys000    0:00.00 grep ng e2e
  0.1  8.3   501 13133  6358   0  8:30PM ttys001    0:14.85 ng e2e  
  0.0  0.0   501 13187 10823   0  8:30PM ttys000    0:00.00 grep ng e2e
  0.0  0.0   501 13192 10823   0  8:30PM ttys000    0:00.00 grep ng e2e
 71.5  2.4   501 13190  6358   0  8:30PM ttys001    0:03.53 ng e2e  
  0.0  0.0   501 13198 10823   0  8:30PM ttys000    0:00.00 grep ng e2e
176.5  4.1   501 13190  6358   0  8:30PM ttys001    0:10.91 ng e2e  
  0.0  0.0   501 13231 10823   0  8:30PM ttys000    0:00.00 grep ng e2e
  0.4  8.4   501 13190  6358   0  8:30PM ttys001    0:15.96 ng e2e  
  1.8  0.0   501 13237 10823   0  8:30PM ttys000    0:00.01 grep ng e2e
  0.0  8.4   501 13190  6358   0  8:30PM ttys001    0:16.00 ng e2e  
  0.0  0.0   501 13241 10823   0  8:30PM ttys000    0:00.00 grep ng e2e
  0.0  8.4   501 13190  6358   0  8:30PM ttys001    0:16.00 ng e2e  
  0.0  0.0   501 13248 10823   0  8:31PM ttys000    0:00.00 grep ng e2e
  0.0  0.0   501 13253 10823   0  8:31PM ttys000    0:00.00 grep ng e2e
  0.0  0.0   501 13257 10823   0  8:31PM ttys000    0:00.00 grep ng e2e
